0 info it worked if it ends with ok
1 verbose cli [ 'c:\\Program Files\\nodejs\\node.exe',
1 verbose cli   'c:\\Program Files\\nodejs\\node_modules\\npm\\bin\\npm-cli.js',
1 verbose cli   'install',
1 verbose cli   '--quiet',
1 verbose cli   '--production' ]
2 info using npm@1.4.28
3 info using node@v0.10.35
4 warn package.json eagle@0.2.0 No repository field.
5 verbose readDependencies using package.json deps
6 verbose install where, deps [ 'c:\\Users\\Adam\\OneDrive\\Documents\\Final Year Project\\eaglepro - Copy (2)',
6 verbose install   [ 'adaro',
6 verbose install     'dustjs-helpers',
6 verbose install     'dustjs-linkedin',
6 verbose install     'engine-munger',
6 verbose install     'express',
6 verbose install     'kraken-devtools',
6 verbose install     'kraken-js',
6 verbose install     'localizr',
6 verbose install     'node-sass',
6 verbose install     'requirejs',
6 verbose install     'mysql',
6 verbose install     'body-parser',
6 verbose install     'cookie-parser',
6 verbose install     'express-session',
6 verbose install     'lusca',
6 verbose install     'mongodb',
6 verbose install     'mongoose',
6 verbose install     'monk',
6 verbose install     'socket.io',
6 verbose install     'async-waterfall',
6 verbose install     'mongo-fast-join' ] ]
7 info preinstall eagle@0.2.0
8 verbose readDependencies using package.json deps
9 verbose already installed skipping adaro@^0.1.5 c:\Users\Adam\OneDrive\Documents\Final Year Project\eaglepro - Copy (2)
10 verbose already installed skipping dustjs-helpers@^1.2.0 c:\Users\Adam\OneDrive\Documents\Final Year Project\eaglepro - Copy (2)
11 verbose already installed skipping dustjs-linkedin@2.6.* c:\Users\Adam\OneDrive\Documents\Final Year Project\eaglepro - Copy (2)
12 verbose already installed skipping engine-munger@^0.2.0 c:\Users\Adam\OneDrive\Documents\Final Year Project\eaglepro - Copy (2)
13 verbose already installed skipping express@^4.3.0 c:\Users\Adam\OneDrive\Documents\Final Year Project\eaglepro - Copy (2)
14 verbose already installed skipping kraken-devtools@^1.0.0 c:\Users\Adam\OneDrive\Documents\Final Year Project\eaglepro - Copy (2)
15 verbose already installed skipping kraken-js@^1.0.1 c:\Users\Adam\OneDrive\Documents\Final Year Project\eaglepro - Copy (2)
16 verbose already installed skipping localizr@^0.1.0 c:\Users\Adam\OneDrive\Documents\Final Year Project\eaglepro - Copy (2)
17 verbose already installed skipping node-sass@^0.8.4 c:\Users\Adam\OneDrive\Documents\Final Year Project\eaglepro - Copy (2)
18 verbose already installed skipping requirejs@^2.1.11 c:\Users\Adam\OneDrive\Documents\Final Year Project\eaglepro - Copy (2)
19 verbose already installed skipping mysql@* c:\Users\Adam\OneDrive\Documents\Final Year Project\eaglepro - Copy (2)
20 verbose already installed skipping body-parser@* c:\Users\Adam\OneDrive\Documents\Final Year Project\eaglepro - Copy (2)
21 verbose already installed skipping cookie-parser@* c:\Users\Adam\OneDrive\Documents\Final Year Project\eaglepro - Copy (2)
22 verbose already installed skipping express-session@* c:\Users\Adam\OneDrive\Documents\Final Year Project\eaglepro - Copy (2)
23 verbose already installed skipping lusca@* c:\Users\Adam\OneDrive\Documents\Final Year Project\eaglepro - Copy (2)
24 verbose already installed skipping mongodb@* c:\Users\Adam\OneDrive\Documents\Final Year Project\eaglepro - Copy (2)
25 verbose already installed skipping mongoose@* c:\Users\Adam\OneDrive\Documents\Final Year Project\eaglepro - Copy (2)
26 verbose already installed skipping monk@* c:\Users\Adam\OneDrive\Documents\Final Year Project\eaglepro - Copy (2)
27 verbose already installed skipping socket.io@* c:\Users\Adam\OneDrive\Documents\Final Year Project\eaglepro - Copy (2)
28 verbose already installed skipping async-waterfall@* c:\Users\Adam\OneDrive\Documents\Final Year Project\eaglepro - Copy (2)
29 verbose cache add [ 'mongo-fast-join@*', null ]
30 verbose cache add name=undefined spec="mongo-fast-join@*" args=["mongo-fast-join@*",null]
31 verbose parsed url { protocol: null,
31 verbose parsed url   slashes: null,
31 verbose parsed url   auth: null,
31 verbose parsed url   host: null,
31 verbose parsed url   port: null,
31 verbose parsed url   hostname: null,
31 verbose parsed url   hash: null,
31 verbose parsed url   search: null,
31 verbose parsed url   query: null,
31 verbose parsed url   pathname: 'mongo-fast-join@*',
31 verbose parsed url   path: 'mongo-fast-join@*',
31 verbose parsed url   href: 'mongo-fast-join@*' }
32 verbose cache add name="mongo-fast-join" spec="*" args=["mongo-fast-join","*"]
33 verbose parsed url { protocol: null,
33 verbose parsed url   slashes: null,
33 verbose parsed url   auth: null,
33 verbose parsed url   host: null,
33 verbose parsed url   port: null,
33 verbose parsed url   hostname: null,
33 verbose parsed url   hash: null,
33 verbose parsed url   search: null,
33 verbose parsed url   query: null,
33 verbose parsed url   pathname: '*',
33 verbose parsed url   path: '*',
33 verbose parsed url   href: '*' }
34 verbose addNamed [ 'mongo-fast-join', '*' ]
35 verbose addNamed [ null, '*' ]
36 silly lockFile 30633792-mongo-fast-join mongo-fast-join@*
37 verbose lock mongo-fast-join@* C:\Users\Adam\AppData\Roaming\npm-cache\30633792-mongo-fast-join.lock
38 silly addNameRange { name: 'mongo-fast-join', range: '*', hasData: false }
39 verbose request where is /mongo-fast-join
40 verbose request registry https://registry.npmjs.org/
41 verbose request id 3c1b80473808d0da
42 verbose url raw /mongo-fast-join
43 verbose url resolving [ 'https://registry.npmjs.org/', './mongo-fast-join' ]
44 verbose url resolved https://registry.npmjs.org/mongo-fast-join
45 verbose request where is https://registry.npmjs.org/mongo-fast-join
46 info trying registry request attempt 1 at 14:19:21
47 verbose etag "AF6I3AVW7BJIQUQD8EEWOSM3N"
48 http GET https://registry.npmjs.org/mongo-fast-join
49 http 200 https://registry.npmjs.org/mongo-fast-join
50 silly registry.get cb [ 200,
50 silly registry.get   { server: 'CouchDB/1.5.0 (Erlang OTP/R16B03)',
50 silly registry.get     etag: '"772092RLDRI7FGL81727C8MWC"',
50 silly registry.get     'content-type': 'application/json',
50 silly registry.get     'cache-control': 'max-age=60',
50 silly registry.get     'content-length': '48396',
50 silly registry.get     'accept-ranges': 'bytes',
50 silly registry.get     date: 'Sun, 03 May 2015 13:19:25 GMT',
50 silly registry.get     via: '1.1 varnish',
50 silly registry.get     age: '0',
50 silly registry.get     connection: 'keep-alive',
50 silly registry.get     'x-served-by': 'cache-ams4145-AMS',
50 silly registry.get     'x-cache': 'MISS',
50 silly registry.get     'x-cache-hits': '0',
50 silly registry.get     'x-timer': 'S1430659164.502260,VS0,VE550',
50 silly registry.get     vary: 'Accept' } ]
51 silly addNameRange number 2 { name: 'mongo-fast-join', range: '*', hasData: true }
52 silly addNameRange versions [ 'mongo-fast-join',
52 silly addNameRange   [ '0.0.3',
52 silly addNameRange     '0.0.4',
52 silly addNameRange     '0.0.5',
52 silly addNameRange     '0.0.6',
52 silly addNameRange     '0.0.7',
52 silly addNameRange     '0.0.8',
52 silly addNameRange     '0.0.9',
52 silly addNameRange     '0.0.10',
52 silly addNameRange     '0.0.11' ] ]
53 verbose addNamed [ 'mongo-fast-join', '0.0.11' ]
54 verbose addNamed [ '0.0.11', '0.0.11' ]
55 silly lockFile 5f674714-mongo-fast-join-0-0-11 mongo-fast-join@0.0.11
56 verbose lock mongo-fast-join@0.0.11 C:\Users\Adam\AppData\Roaming\npm-cache\5f674714-mongo-fast-join-0-0-11.lock
57 silly lockFile 5f674714-mongo-fast-join-0-0-11 mongo-fast-join@0.0.11
58 silly lockFile 5f674714-mongo-fast-join-0-0-11 mongo-fast-join@0.0.11
59 silly lockFile 30633792-mongo-fast-join mongo-fast-join@*
60 silly lockFile 30633792-mongo-fast-join mongo-fast-join@*
61 silly resolved [ { name: 'mongo-fast-join',
61 silly resolved     version: '0.0.11',
61 silly resolved     description: 'Join subdocuments into other mongo documents from other collections',
61 silly resolved     main: 'Join.js',
61 silly resolved     scripts: { test: 'echo "Error: no test specified" && exit 1' },
61 silly resolved     repository:
61 silly resolved      { type: 'git',
61 silly resolved        url: 'https://github.com/Bill4Time/mongo-fast-join.git' },
61 silly resolved     keywords:
61 silly resolved      [ 'mongodb',
61 silly resolved        'mongo',
61 silly resolved        'nodejs',
61 silly resolved        'node',
61 silly resolved        'javascript',
61 silly resolved        'join',
61 silly resolved        'mongo-join' ],
61 silly resolved     author: { name: 'Bill4Time' },
61 silly resolved     contributors: [ [Object], [Object] ],
61 silly resolved     license: 'The MIT License (MIT)',
61 silly resolved     bugs: { url: 'https://github.com/Bill4Time/mongo-fast-join/issues' },
61 silly resolved     readme: '##mongo-fast-join\r\n\r\n\r\nJoin sub documents from other collections into the original query documents and do it as fast as mongo can.\r\n\r\n###Intro\r\n\r\nThis is our stab at the mongo join problem. As you know, joins are not supported by MongoDB natively, and this can be a pain.\r\nWe sought to create a project which performs a join query on mongodb and does it quickly. After a few attempts with less \r\nthan stellar results, we arrived at the current implementation.\r\n\r\n####How did we do it?\r\n\r\nmongo-fast-join is fast because we paginate our join queries. Each document that is going to be joined to another document \r\nrepresents a unique query. This is accomplished with an $or clause. When dealing with only 10,000 original documents, this \r\nwas miserably slow, taking up to a minute to return results on the local network. What a useless tool this would be if it \r\ntook that long to join a measly 10,000 records. Turns out that splitting query into small queries with only 5 conditions \r\nin each $or clause sped the performance up by many orders of magnitude, joining 10,000 documents in less than 200ms.\r\n\r\nWe think that the reason the single query performed so poorly is because the $or clause was not intended to handle 10,000\r\nconditions. It also seems that the query is executed in a single thread (just a guess). \r\n\r\n\r\n####Shut up and take my query!\r\n\r\nThis is the syntax we arrived at:\r\n\r\n```\r\n\r\nvar MJ = require("mongo-fast-join"),\r\n    mongoJoin = new MJ();\r\n\r\n/*\r\n    Say we have a collection of sales where each document holds a manual reference to the product sold. We can join the\r\n    full product document into each sale document. Lets also assume that each product has a reference to some\r\n    manufacturer info.\r\n*/\r\n        \r\nmongoJoin\r\n    .query(\r\n      //say we have sales records and we store all the products for sale in a different collection\r\n      db.collection("sales"),\r\n        {}, //query statement\r\n        {}, //fields\r\n        {\r\n            limit: 10000//options\r\n        }\r\n    )\r\n    .join({\r\n        joinCollection: db.collection("products"),\r\n        //respects the dot notation, multiple keys can be specified in this array\r\n        leftKeys: ["product_id"],\r\n        //This is the key of the document in the right hand document\r\n        rightKeys: ["_id"],\r\n        //This is the new subdocument that will be added to the result document\r\n        newKey: "product"\r\n    })\r\n    .join({\r\n        //say that we want to get the users that commented too\r\n        joinCollection: db.collection("manufacturers"),\r\n        //This is cool, you can join on the new documents you add to the source document\r\n        leftKeys: ["product.manufacturer_id"],//This field accepts many keys, which amounts to a composite key\r\n        rightKeys: ["_id"],\r\n        //unfortunately, as of now, you can only add subdocuments at the root level, not to arrays of subdocuments\r\n        newKey: "manufacturer"//The upside is that this serve the majority of cases\r\n    })\r\n    //Call exec to run the compiled query and catch any errors and results, in the callback\r\n    .exec(function (err, items) {\r\n        console.log(items);\r\n    });\r\n\r\n```\r\n\r\nThe resulting document should have 10000 sales records with the product sold and manufaturer info attached to each sale\r\nin a structure like this:\r\n\r\n```\r\n\r\n{\r\n    _id: 1,\r\n    product_id: 2,\r\n    product: {\r\n        _id: 2,\r\n        manufacturer_id: 3\r\n        name: "Wooden Spoon"\r\n    },\r\n    manufacturer: {\r\n        _id: 3,\r\n        name: "Betty Crocker"\r\n    }\r\n}\r\n\r\n```\r\n\r\n\r\n',
61 silly resolved     readmeFilename: 'README.md',
61 silly resolved     homepage: 'https://github.com/Bill4Time/mongo-fast-join',
61 silly resolved     _id: 'mongo-fast-join@0.0.11',
61 silly resolved     dist:
61 silly resolved      { shasum: 'c04f62c834fdc0e32ea36bc303b7974fce8026ef',
61 silly resolved        tarball: 'http://registry.npmjs.org/mongo-fast-join/-/mongo-fast-join-0.0.11.tgz' },
61 silly resolved     _from: 'mongo-fast-join@*',
61 silly resolved     _npmVersion: '1.3.14',
61 silly resolved     _npmUser: { name: 'kylehousley', email: 'khousley@bill4time.com' },
61 silly resolved     maintainers: [ [Object] ],
61 silly resolved     directories: {},
61 silly resolved     _shasum: 'c04f62c834fdc0e32ea36bc303b7974fce8026ef',
61 silly resolved     _resolved: 'https://registry.npmjs.org/mongo-fast-join/-/mongo-fast-join-0.0.11.tgz' } ]
62 info install mongo-fast-join@0.0.11 into c:\Users\Adam\OneDrive\Documents\Final Year Project\eaglepro - Copy (2)
63 info installOne mongo-fast-join@0.0.11
64 verbose node_modules\mongo-fast-join unbuild
65 verbose tar unpack C:\Users\Adam\AppData\Roaming\npm-cache\mongo-fast-join\0.0.11\package.tgz
66 silly lockFile 23e69bd0-y-2-node-modules-mongo-fast-join tar://c:\Users\Adam\OneDrive\Documents\Final Year Project\eaglepro - Copy (2)\node_modules\mongo-fast-join
67 verbose lock tar://c:\Users\Adam\OneDrive\Documents\Final Year Project\eaglepro - Copy (2)\node_modules\mongo-fast-join C:\Users\Adam\AppData\Roaming\npm-cache\23e69bd0-y-2-node-modules-mongo-fast-join.lock
68 silly lockFile 7bd1702d-ngo-fast-join-0-0-11-package-tgz tar://C:\Users\Adam\AppData\Roaming\npm-cache\mongo-fast-join\0.0.11\package.tgz
69 verbose lock tar://C:\Users\Adam\AppData\Roaming\npm-cache\mongo-fast-join\0.0.11\package.tgz C:\Users\Adam\AppData\Roaming\npm-cache\7bd1702d-ngo-fast-join-0-0-11-package-tgz.lock
70 silly gunzTarPerm modes [ '777', '666' ]
71 silly gunzTarPerm extractEntry package.json
72 silly gunzTarPerm extractEntry README.md
73 silly gunzTarPerm extractEntry Join.js
74 silly gunzTarPerm extractEntry .idea/.name
75 silly gunzTarPerm extractEntry .idea/encodings.xml
76 silly gunzTarPerm extractEntry .idea/misc.xml
77 silly gunzTarPerm extractEntry .idea/modules.xml
78 silly gunzTarPerm extractEntry .idea/mongo-fast-join.iml
79 silly gunzTarPerm extractEntry .idea/scopes/scope_settings.xml
80 silly gunzTarPerm extractEntry .idea/vcs.xml
81 silly gunzTarPerm extractEntry .idea/workspace.xml
82 silly gunzTarPerm extractEntry LICENSE.TXT
83 silly gunzTarPerm extractEntry mongo-fast-join-0.0.10.tgz
84 silly gunzTarPerm extractEntry test/TestJoinFunction.js
85 silly gunzTarPerm extractEntry test/TestJoinUtilityFunctions.js
86 silly lockFile 23e69bd0-y-2-node-modules-mongo-fast-join tar://c:\Users\Adam\OneDrive\Documents\Final Year Project\eaglepro - Copy (2)\node_modules\mongo-fast-join
87 silly lockFile 23e69bd0-y-2-node-modules-mongo-fast-join tar://c:\Users\Adam\OneDrive\Documents\Final Year Project\eaglepro - Copy (2)\node_modules\mongo-fast-join
88 silly lockFile 7bd1702d-ngo-fast-join-0-0-11-package-tgz tar://C:\Users\Adam\AppData\Roaming\npm-cache\mongo-fast-join\0.0.11\package.tgz
89 silly lockFile 7bd1702d-ngo-fast-join-0-0-11-package-tgz tar://C:\Users\Adam\AppData\Roaming\npm-cache\mongo-fast-join\0.0.11\package.tgz
90 info preinstall mongo-fast-join@0.0.11
91 verbose readDependencies using package.json deps
92 verbose readDependencies using package.json deps
93 silly resolved []
94 verbose about to build c:\Users\Adam\OneDrive\Documents\Final Year Project\eaglepro - Copy (2)\node_modules\mongo-fast-join
95 info build c:\Users\Adam\OneDrive\Documents\Final Year Project\eaglepro - Copy (2)\node_modules\mongo-fast-join
96 verbose linkStuff [ false,
96 verbose linkStuff   false,
96 verbose linkStuff   false,
96 verbose linkStuff   'c:\\Users\\Adam\\OneDrive\\Documents\\Final Year Project\\eaglepro - Copy (2)\\node_modules' ]
97 info linkStuff mongo-fast-join@0.0.11
98 verbose linkBins mongo-fast-join@0.0.11
99 verbose linkMans mongo-fast-join@0.0.11
100 verbose rebuildBundles mongo-fast-join@0.0.11
101 info install mongo-fast-join@0.0.11
102 info postinstall mongo-fast-join@0.0.11
103 info build c:\Users\Adam\OneDrive\Documents\Final Year Project\eaglepro - Copy (2)
104 verbose linkStuff [ false,
104 verbose linkStuff   false,
104 verbose linkStuff   false,
104 verbose linkStuff   'c:\\Users\\Adam\\OneDrive\\Documents\\Final Year Project' ]
105 info linkStuff eagle@0.2.0
106 verbose linkBins eagle@0.2.0
107 verbose linkMans eagle@0.2.0
108 verbose rebuildBundles eagle@0.2.0
109 verbose rebuildBundles [ '.bin',
109 verbose rebuildBundles   'adaro',
109 verbose rebuildBundles   'async-waterfall',
109 verbose rebuildBundles   'body-parser',
109 verbose rebuildBundles   'cookie-parser',
109 verbose rebuildBundles   'dustjs-helpers',
109 verbose rebuildBundles   'dustjs-linkedin',
109 verbose rebuildBundles   'engine-munger',
109 verbose rebuildBundles   'express',
109 verbose rebuildBundles   'express-session',
109 verbose rebuildBundles   'kraken-devtools',
109 verbose rebuildBundles   'kraken-js',
109 verbose rebuildBundles   'localizr',
109 verbose rebuildBundles   'lusca',
109 verbose rebuildBundles   'mongo-fast-join',
109 verbose rebuildBundles   'mongodb',
109 verbose rebuildBundles   'mongoose',
109 verbose rebuildBundles   'monk',
109 verbose rebuildBundles   'mysql',
109 verbose rebuildBundles   'node-sass',
109 verbose rebuildBundles   'requirejs',
109 verbose rebuildBundles   'socket.io' ]
110 info install eagle@0.2.0
111 info postinstall eagle@0.2.0
112 info prepublish eagle@0.2.0
113 error peerinvalid The package dustjs-linkedin does not satisfy its siblings' peerDependencies requirements!
113 error peerinvalid Peer dustjs-helpers@1.7.1 wants dustjs-linkedin@2.7 - 2.8
113 error peerinvalid Peer engine-munger@0.2.6 wants dustjs-linkedin@^2.0.0
114 error System Windows_NT 6.2.9200
115 error command "c:\\Program Files\\nodejs\\node.exe" "c:\\Program Files\\nodejs\\node_modules\\npm\\bin\\npm-cli.js" "install" "--quiet" "--production"
116 error cwd c:\Users\Adam\OneDrive\Documents\Final Year Project\eaglepro - Copy (2)
117 error node -v v0.10.35
118 error npm -v 1.4.28
119 error code EPEERINVALID
120 verbose exit [ 1, true ]
